\BOOKMARK [0][]{chapter.1}{\376\377\0001\000\040\000R\000e\000s\000u\000l\000t\000s\000'\000\040\000a\000n\000a\000l\000y\000s\000i\000s\000\040\000a\000n\000d\000\040\000d\000i\000s\000c\000u\000s\000s\000i\000o\000n}{}% 1
\BOOKMARK [1][]{section.1.1}{\376\377\0001\000.\0001\000\040\000D\000a\000t\000a\000\040\000f\000r\000o\000m\000\040\000t\000h\000e\000\040\000s\000i\000m\000u\000l\000a\000t\000i\000o\000n}{chapter.1}% 2
\BOOKMARK [2][]{subsection.1.1.1}{\376\377\0001\000.\0001\000.\0001\000\040\000T\000i\000m\000e\000\040\000e\000l\000a\000p\000s\000e\000d\000\040\000o\000n\000\040\000e\000a\000c\000h\000\040\000s\000c\000e\000n\000e}{section.1.1}% 3
\BOOKMARK [1][]{section.1.2}{\376\377\0001\000.\0002\000\040\000D\000a\000t\000a\000\040\000f\000r\000o\000m\000\040\000q\000u\000e\000s\000t\000i\000o\000n\000n\000a\000i\000r\000e\000s}{chapter.1}% 4
\BOOKMARK [2][]{subsection.1.2.1}{\376\377\0001\000.\0002\000.\0001\000\040\000N\000A\000S\000A\000-\000T\000L\000X}{section.1.2}% 5
\BOOKMARK [2][]{subsection.1.2.2}{\376\377\0001\000.\0002\000.\0002\000\040\000A\000d\000a\000p\000t\000e\000d\000\040\000S\000A\000G\000A\000T}{section.1.2}% 6
\BOOKMARK [2][]{subsection.1.2.3}{\376\377\0001\000.\0002\000.\0003\000\040\000G\000u\000i\000d\000a\000n\000c\000e\000\040\000m\000e\000t\000h\000o\000d\000'\000s\000\040\000q\000u\000e\000s\000t\000i\000o\000n\000n\000a\000i\000r\000e\000.}{section.1.2}% 7
\BOOKMARK [1][]{section.1.3}{\376\377\0001\000.\0003\000\040\000D\000a\000t\000a\000\040\000f\000r\000o\000m\000\040\000p\000h\000y\000s\000i\000o\000l\000o\000g\000i\000c\000a\000l\000\040\000s\000e\000n\000s\000o\000r\000s}{chapter.1}% 8
\BOOKMARK [2][]{subsection.1.3.1}{\376\377\0001\000.\0003\000.\0001\000\040\000E\000l\000e\000c\000t\000r\000o\000c\000a\000r\000d\000i\000o\000g\000r\000a\000m\000\040\000\050\000E\000C\000G\000\051\000\040\000d\000a\000t\000a}{section.1.3}% 9
\BOOKMARK [2][]{subsection.1.3.2}{\376\377\0001\000.\0003\000.\0002\000\040\000G\000a\000l\000v\000a\000n\000i\000c\000\040\000s\000k\000i\000n\000\040\000r\000e\000a\000c\000t\000i\000o\000n\000\040\000a\000n\000d\000\040\000t\000e\000m\000p\000e\000r\000a\000t\000u\000r\000e\000\040\000d\000a\000t\000a\000;}{section.1.3}% 10
\BOOKMARK [0][]{chapter.2}{\376\377\0002\000\040\000C\000o\000n\000c\000l\000u\000s\000i\000o\000n}{}% 11
\BOOKMARK [1][]{section.2.1}{\376\377\0002\000.\0001\000\040\000D\000o\000\040\000B\000V\000I\000\040\000u\000s\000e\000r\000s\000\040\000f\000e\000e\000l\000\040\000p\000r\000e\000s\000e\000n\000t\000\040\000i\000n\000\040\000t\000h\000e\000\040\000V\000E\000\040\000a\000s\000\040\000i\000f\000\040\000t\000h\000e\000y\000\040\000w\000e\000r\000e\000\040\000i\000n\000\040\000t\000h\000e\000\040\000r\000e\000a\000l\000\040\000w\000o\000r\000l\000d\000?}{chapter.2}% 12
\BOOKMARK [2][]{subsection.2.1.1}{\376\377\0002\000.\0001\000.\0001\000\040\000A\000n\000s\000w\000e\000r\000s\000\040\000b\000a\000s\000e\000d\000\040\000o\000n\000\040\000t\000h\000e\000\040\000s\000i\000m\000u\000l\000a\000t\000i\000o\000n\000\040\000d\000a\000t\000a}{section.2.1}% 13
\BOOKMARK [2][]{subsection.2.1.2}{\376\377\0002\000.\0001\000.\0002\000\040\000A\000n\000s\000w\000e\000r\000s\000\040\000b\000a\000s\000e\000d\000\040\000o\000n\000\040\000t\000h\000e\000\040\000s\000u\000b\000j\000e\000c\000t\000i\000v\000e\000\040\000d\000a\000t\000a}{section.2.1}% 14
\BOOKMARK [2][]{subsection.2.1.3}{\376\377\0002\000.\0001\000.\0003\000\040\000A\000n\000s\000w\000e\000r\000s\000\040\000b\000a\000s\000e\000d\000\040\000o\000n\000\040\000t\000h\000e\000\040\000p\000h\000y\000s\000i\000o\000l\000o\000g\000i\000c\000a\000l\000\040\000d\000a\000t\000a}{section.2.1}% 15
\BOOKMARK [2][]{subsection.2.1.4}{\376\377\0002\000.\0001\000.\0004\000\040\000F\000i\000n\000a\000l\000\040\000c\000o\000n\000c\000l\000u\000s\000i\000o\000n\000s}{section.2.1}% 16
\BOOKMARK [1][]{section.2.2}{\376\377\0002\000.\0002\000\040\000D\000o\000e\000s\000\040\000B\000V\000I\000\040\000u\000s\000e\000r\000s\000\040\000r\000e\000l\000y\000\040\000m\000o\000r\000e\000\040\000o\000n\000\040\000o\000n\000e\000\040\000t\000y\000p\000e\000\040\000o\000f\000\040\000i\000n\000f\000o\000r\000m\000a\000t\000i\000o\000n\000\040\000t\000h\000a\000n\000\040\000t\000h\000e\000\040\000o\000t\000h\000e\000r\000?}{chapter.2}% 17
\BOOKMARK [2][]{subsection.2.2.1}{\376\377\0002\000.\0002\000.\0001\000\040\000A\000n\000s\000w\000e\000r\000s\000\040\000b\000a\000s\000e\000d\000\040\000o\000n\000\040\000t\000h\000e\000\040\000s\000i\000m\000u\000l\000a\000t\000i\000o\000n\000\040\000d\000a\000t\000a}{section.2.2}% 18
\BOOKMARK [2][]{subsection.2.2.2}{\376\377\0002\000.\0002\000.\0002\000\040\000A\000n\000s\000w\000e\000r\000s\000\040\000b\000a\000s\000e\000d\000\040\000o\000n\000\040\000t\000h\000e\000\040\000s\000u\000b\000j\000e\000c\000t\000i\000v\000e\000\040\000d\000a\000t\000a}{section.2.2}% 19
\BOOKMARK [2][]{subsection.2.2.3}{\376\377\0002\000.\0002\000.\0003\000\040\000A\000n\000s\000w\000e\000r\000s\000\040\000b\000a\000s\000e\000d\000\040\000o\000n\000\040\000t\000h\000e\000\040\000p\000h\000y\000s\000i\000o\000l\000o\000g\000i\000c\000a\000l\000\040\000d\000a\000t\000a}{section.2.2}% 20
\BOOKMARK [2][]{subsection.2.2.4}{\376\377\0002\000.\0002\000.\0004\000\040\000F\000i\000n\000a\000l\000\040\000c\000o\000n\000c\000l\000u\000s\000i\000o\000n\000s\000\040\000a\000n\000d\000\040\000c\000o\000m\000e\000n\000t\000a\000r\000i\000e\000s}{section.2.2}% 21
\BOOKMARK [1][]{section.2.3}{\376\377\0002\000.\0003\000\040\000D\000o\000\040\000n\000o\000n\000-\000B\000V\000I\000\040\000u\000s\000e\000r\000s\000\040\000h\000a\000v\000e\000\040\000t\000h\000e\000\040\000s\000a\000m\000e\000\040\000d\000e\000m\000a\000n\000d\000s\000\040\000a\000n\000d\000\040\000s\000k\000i\000l\000l\000s\000\040\000a\000s\000\040\000B\000V\000I\000\040\000u\000s\000e\000r\000s\000\040\000w\000h\000e\000n\000\040\000d\000e\000s\000i\000g\000n\000i\000n\000g\000\040\000a\000s\000s\000i\000s\000t\000i\000v\000e\000\040\000p\000r\000o\000d\000u\000c\000t\000s\000?}{chapter.2}% 22
\BOOKMARK [2][]{subsection.2.3.1}{\376\377\0002\000.\0003\000.\0001\000\040\000A\000n\000s\000w\000e\000r\000s\000\040\000b\000a\000s\000e\000d\000\040\000o\000n\000\040\000t\000h\000e\000\040\000s\000i\000m\000u\000l\000a\000t\000i\000o\000n\000\040\000d\000a\000t\000a}{section.2.3}% 23
\BOOKMARK [2][]{subsection.2.3.2}{\376\377\0002\000.\0003\000.\0002\000\040\000A\000n\000s\000w\000e\000r\000s\000\040\000b\000a\000s\000e\000d\000\040\000o\000n\000\040\000t\000h\000e\000\040\000s\000u\000b\000j\000e\000c\000t\000i\000v\000e\000\040\000d\000a\000t\000a}{section.2.3}% 24
\BOOKMARK [2][]{subsection.2.3.3}{\376\377\0002\000.\0003\000.\0003\000\040\000A\000n\000s\000w\000e\000r\000s\000\040\000b\000a\000s\000e\000d\000\040\000o\000n\000\040\000t\000h\000e\000\040\000p\000h\000y\000s\000i\000o\000l\000o\000g\000i\000c\000a\000l\000\040\000d\000a\000t\000a}{section.2.3}% 25
\BOOKMARK [2][]{subsection.2.3.4}{\376\377\0002\000.\0003\000.\0004\000\040\000F\000i\000n\000a\000l\000\040\000c\000o\000n\000c\000l\000u\000s\000i\000o\000n\000s\000\040\000a\000n\000d\000\040\000c\000o\000m\000e\000n\000t\000a\000r\000i\000e\000s}{section.2.3}% 26
\BOOKMARK [1][]{section.2.4}{\376\377\0002\000.\0004\000\040\000F\000u\000t\000u\000r\000e\000\040\000w\000o\000r\000k\000s\000\040\000a\000n\000d\000\040\000s\000u\000g\000g\000e\000s\000t\000i\000o\000n\000s}{chapter.2}% 27
