\BOOKMARK [0][]{abstract.0}{\376\377\000A\000b\000s\000t\000r\000a\000c\000t}{}% 1
\BOOKMARK [0][]{contents.0}{\376\377\000C\000o\000n\000t\000e\000n\000t\000s}{}% 2
\BOOKMARK [0][]{chapter.1}{\376\377\0001\000\040\000I\000n\000t\000r\000o\000d\000u\000c\000t\000i\000o\000n}{}% 3
\BOOKMARK [1][]{section.1.1}{\376\377\0001\000.\0001\000\040\000O\000b\000j\000e\000c\000t\000i\000v\000e\000s}{chapter.1}% 4
\BOOKMARK [1][]{section.1.2}{\376\377\0001\000.\0002\000\040\000R\000e\000s\000o\000u\000r\000c\000e\000s\000\040\000a\000n\000d\000\040\000m\000e\000t\000h\000o\000d\000s}{chapter.1}% 5
\BOOKMARK [1][]{section.1.3}{\376\377\0001\000.\0003\000\040\000R\000e\000s\000e\000a\000r\000c\000h\000\040\000b\000o\000u\000n\000d\000a\000r\000i\000e\000s}{chapter.1}% 6
\BOOKMARK [1][]{section.1.4}{\376\377\0001\000.\0004\000\040\000S\000t\000r\000u\000c\000t\000u\000r\000e\000\040\000o\000f\000\040\000t\000h\000e\000\040\000t\000e\000x\000t}{chapter.1}% 7
\BOOKMARK [0][]{chapter.2}{\376\377\0002\000\040\000T\000h\000e\000o\000r\000e\000t\000i\000c\000a\000l\000\040\000F\000o\000u\000n\000d\000a\000t\000i\000o\000n}{}% 8
\BOOKMARK [1][]{section.2.1}{\376\377\0002\000.\0001\000\040\000H\000u\000m\000a\000n\000\040\000F\000a\000c\000t\000o\000r\000\040\000o\000r\000\040\000E\000r\000g\000o\000n\000o\000m\000i\000c\000s}{chapter.2}% 9
\BOOKMARK [2][]{subsection.2.1.1}{\376\377\0002\000.\0001\000.\0001\000\040\000M\000e\000n\000t\000a\000l\000\040\000W\000o\000r\000k\000l\000o\000a\000d\000\040\000\050\000M\000W\000L\000\051}{section.2.1}% 10
\BOOKMARK [2][]{subsection.2.1.2}{\376\377\0002\000.\0001\000.\0002\000\040\000S\000i\000t\000u\000a\000t\000i\000o\000n\000\040\000A\000w\000a\000r\000e\000n\000e\000s\000s\000\040\000\050\000S\000A\000\051}{section.2.1}% 11
\BOOKMARK [1][]{section.2.2}{\376\377\0002\000.\0002\000\040\000E\000x\000t\000e\000n\000d\000e\000d\000\040\000R\000e\000a\000l\000i\000t\000y\000\040\000\050\000X\000R\000\051}{chapter.2}% 12
\BOOKMARK [1][]{section.2.3}{\376\377\0002\000.\0003\000\040\000C\000o\000-\000D\000e\000s\000i\000g\000n}{chapter.2}% 13
\BOOKMARK [1][]{section.2.4}{\376\377\0002\000.\0004\000\040\000F\000i\000n\000a\000l\000\040\000r\000e\000m\000a\000r\000k\000s}{chapter.2}% 14
\BOOKMARK [0][]{chapter.3}{\376\377\0003\000\040\000L\000i\000t\000e\000r\000a\000t\000u\000r\000e\000\040\000r\000e\000v\000i\000e\000w}{}% 15
\BOOKMARK [1][]{section.3.1}{\376\377\0003\000.\0001\000\040\000V\000i\000r\000t\000u\000a\000l\000\040\000r\000e\000a\000l\000i\000t\000y\000\040\000f\000o\000r\000\040\000B\000V\000I\000\040\000u\000s\000e\000r\000s}{chapter.3}% 16
\BOOKMARK [1][]{section.3.2}{\376\377\0003\000.\0002\000\040\000F\000e\000e\000l\000i\000n\000g\000\040\000o\000f\000\040\000p\000r\000e\000s\000e\000n\000c\000e\000\040\000i\000n\000\040\000v\000i\000r\000t\000u\000a\000l\000\040\000r\000e\000a\000l\000i\000t\000y}{chapter.3}% 17
\BOOKMARK [1][]{section.3.3}{\376\377\0003\000.\0003\000\040\000I\000n\000f\000o\000r\000m\000a\000t\000i\000o\000n\000\040\000f\000o\000r\000\040\000B\000V\000I\000\040\000n\000a\000v\000i\000g\000a\000t\000i\000o\000n}{chapter.3}% 18
\BOOKMARK [1][]{section.3.4}{\376\377\0003\000.\0004\000\040\000A\000u\000d\000i\000o\000\040\000n\000a\000v\000i\000g\000a\000t\000i\000o\000n\000\040\000f\000o\000r\000\040\000B\000V\000I}{chapter.3}% 19
\BOOKMARK [1][]{section.3.5}{\376\377\0003\000.\0005\000\040\000C\000o\000m\000p\000a\000r\000i\000s\000o\000n\000\040\000o\000f\000\040\000a\000s\000s\000i\000s\000t\000i\000v\000e\000\040\000d\000e\000v\000i\000c\000e\000s}{chapter.3}% 20
\BOOKMARK [1][]{section.3.6}{\376\377\0003\000.\0006\000\040\000V\000i\000r\000t\000u\000a\000l\000\040\000r\000e\000a\000l\000i\000t\000y\000\040\000i\000n\000\040\000t\000h\000e\000\040\000d\000e\000s\000i\000g\000n\000\040\000p\000r\000o\000c\000e\000s\000s}{chapter.3}% 21
\BOOKMARK [1][]{section.3.7}{\376\377\0003\000.\0007\000\040\000F\000i\000n\000a\000l\000\040\000R\000e\000m\000a\000r\000k\000s}{chapter.3}% 22
\BOOKMARK [0][]{chapter.4}{\376\377\0004\000\040\000P\000r\000o\000p\000o\000s\000a\000l\000\040\000d\000e\000s\000c\000r\000i\000p\000t\000i\000o\000n}{}% 23
\BOOKMARK [1][]{section.4.1}{\376\377\0004\000.\0001\000\040\000P\000h\000a\000s\000e\000\040\0001\000\040\040\023\000\040\000C\000o\000n\000t\000e\000x\000t\000\040\000d\000e\000f\000i\000n\000i\000t\000i\000o\000n}{chapter.4}% 24
\BOOKMARK [1][]{section.4.2}{\376\377\0004\000.\0002\000\040\000P\000h\000a\000s\000e\000\040\0002\000\040\000-\000\040\000S\000p\000e\000c\000i\000f\000i\000c\000a\000t\000i\000o\000n}{chapter.4}% 25
\BOOKMARK [1][]{section.4.3}{\376\377\0004\000.\0003\000\040\000P\000h\000a\000s\000e\000\040\0003\000\040\000-\000\040\000D\000e\000v\000e\000l\000o\000p\000m\000e\000n\000t}{chapter.4}% 26
\BOOKMARK [1][]{section.4.4}{\376\377\0004\000.\0004\000\040\000T\000r\000y\000o\000u\000t\000s\000\040\000a\000n\000d\000\040\000t\000e\000s\000t\000s\000'\000\040\000p\000h\000a\000s\000e}{chapter.4}% 27
\BOOKMARK [1][]{section.4.5}{\376\377\0004\000.\0005\000\040\000E\000x\000p\000e\000r\000i\000m\000e\000n\000t}{chapter.4}% 28
\BOOKMARK [0][]{chapter.5}{\376\377\0005\000\040\000V\000i\000r\000t\000u\000a\000l\000\040\000e\000n\000v\000i\000r\000o\000n\000m\000e\000n\000t\000\040\000d\000e\000v\000e\000l\000o\000p\000m\000e\000n\000t}{}% 29
\BOOKMARK [1][]{section.5.1}{\376\377\0005\000.\0001\000\040\000P\000r\000o\000c\000e\000d\000u\000r\000e\000s}{chapter.5}% 30
\BOOKMARK [1][]{section.5.2}{\376\377\0005\000.\0002\000\040\000C\000i\000t\000y\000\040\000H\000o\000s\000p\000i\000t\000a\000l}{chapter.5}% 31
\BOOKMARK [1][]{section.5.3}{\376\377\0005\000.\0003\000\040\000M\000e\000d\000i\000c\000a\000l\000\040\000C\000l\000i\000n\000i\000c}{chapter.5}% 32
\BOOKMARK [2][]{subsection.5.3.1}{\376\377\0005\000.\0003\000.\0001\000\040\000I\000n\000t\000e\000r\000i\000o\000r}{section.5.3}% 33
\BOOKMARK [2][]{subsection.5.3.2}{\376\377\0005\000.\0003\000.\0002\000\040\000E\000x\000t\000e\000r\000i\000o\000r}{section.5.3}% 34
\BOOKMARK [1][]{section.5.4}{\376\377\0005\000.\0004\000\040\000A\000d\000j\000u\000s\000t\000m\000e\000n\000t\000s}{chapter.5}% 35
\BOOKMARK [1][]{section.5.5}{\376\377\0005\000.\0005\000\040\000F\000i\000n\000a\000l\000\040\000C\000l\000i\000n\000i\000c}{chapter.5}% 36
\BOOKMARK [0][]{chapter.6}{\376\377\0006\000\040\000H\000a\000p\000t\000i\000c\000\040\000b\000e\000l\000t\000\040\000d\000e\000v\000e\000l\000o\000p\000m\000e\000n\000t}{}% 37
\BOOKMARK [0][]{chapter.7}{\376\377\0007\000\040\000R\000e\000s\000u\000l\000t\000s\000'\000\040\000a\000n\000a\000l\000y\000s\000i\000s\000\040\000a\000n\000d\000\040\000d\000i\000s\000c\000u\000s\000s\000i\000o\000n}{}% 38
\BOOKMARK [1][]{section.7.1}{\376\377\0007\000.\0001\000\040\000E\000v\000a\000l\000u\000a\000t\000i\000o\000n\000\040\000o\000f\000\040\000a\000s\000s\000i\000s\000t\000i\000v\000e\000\040\000d\000e\000v\000i\000c\000e\000\040\000f\000r\000o\000m\000\040\000a\000\040\000h\000u\000m\000a\000n\000\040\000f\000a\000c\000t\000o\000r\000s\040\031\000\040\000p\000e\000r\000s\000p\000e\000c\000t\000i\000v\000e\000\040\000i\000n\000\040\000a\000\040\000v\000i\000r\000t\000u\000a\000l\000\040\000e\000n\000v\000i\000r\000o\000n\000m\000e\000n\000t}{chapter.7}% 39
\BOOKMARK [2][]{subsection.7.1.1}{\376\377\0007\000.\0001\000.\0001\000\040\000S\000u\000b\000j\000e\000c\000t\000i\000v\000e\000\040\000d\000a\000t\000a}{section.7.1}% 40
\BOOKMARK [2][]{subsection.7.1.2}{\376\377\0007\000.\0001\000.\0002\000\040\000P\000h\000y\000s\000i\000o\000l\000o\000g\000i\000c\000a\000l\000\040\000d\000a\000t\000a}{section.7.1}% 41
\BOOKMARK [2][]{subsection.7.1.3}{\376\377\0007\000.\0001\000.\0003\000\040\000F\000i\000n\000a\000l\000\040\000R\000e\000m\000a\000r\000k\000s}{section.7.1}% 42
\BOOKMARK [1][]{section.7.2}{\376\377\0007\000.\0002\000\040\000C\000o\000m\000p\000a\000r\000i\000s\000o\000n\000\040\000b\000e\000t\000w\000e\000e\000n\000\040\000B\000V\000I\000\040\000u\000s\000e\000r\000s\000\040\000a\000n\000d\000\040\000s\000i\000g\000h\000t\000e\000d\000\040\000u\000s\000e\000r\000s}{chapter.7}% 43
\BOOKMARK [2][]{subsection.7.2.1}{\376\377\0007\000.\0002\000.\0001\000\040\000S\000u\000b\000j\000e\000c\000t\000i\000v\000e\000\040\000d\000a\000t\000a}{section.7.2}% 44
\BOOKMARK [2][]{subsection.7.2.2}{\376\377\0007\000.\0002\000.\0002\000\040\000P\000h\000y\000s\000i\000o\000l\000o\000g\000i\000c\000a\000l\000\040\000d\000a\000t\000a}{section.7.2}% 45
\BOOKMARK [2][]{subsection.7.2.3}{\376\377\0007\000.\0002\000.\0003\000\040\000F\000i\000n\000a\000l\000\040\000R\000e\000m\000a\000r\000k\000s}{section.7.2}% 46
\BOOKMARK [0][]{chapter.8}{\376\377\0008\000\040\000C\000o\000n\000c\000l\000u\000s\000i\000o\000n}{}% 47
\BOOKMARK [1][]{section.8.1}{\376\377\0008\000.\0001\000\040\000F\000u\000t\000u\000r\000e\000\040\000w\000o\000r\000k\000s\000\040\000a\000n\000d\000\040\000s\000u\000g\000g\000e\000s\000t\000i\000o\000n\000s}{chapter.8}% 48
\BOOKMARK [0][]{appendix.A}{\376\377\000A\000\040\000Q\000u\000e\000s\000t\000i\000o\000n\000n\000a\000i\000r\000e\000s}{}% 49
\BOOKMARK [1][]{section.A.1}{\376\377\000A\000.\0001\000\040\000B\000V\000I\000\040\000c\000o\000n\000d\000i\000t\000i\000o\000n}{appendix.A}% 50
\BOOKMARK [1][]{section.A.2}{\376\377\000A\000.\0002\000\040\000N\000A\000S\000A\000-\000T\000L\000X}{appendix.A}% 51
\BOOKMARK [1][]{section.A.3}{\376\377\000A\000.\0003\000\040\000S\000A\000G\000A\000T\000\040\000\050\000a\000d\000a\000p\000t\000e\000d\000\051}{appendix.A}% 52
\BOOKMARK [1][]{section.A.4}{\376\377\000A\000.\0004\000\040\000G\000u\000i\000d\000a\000n\000c\000e\000\040\000m\000e\000t\000h\000o\000d\000\040\000e\000v\000a\000l\000u\000a\000t\000i\000o\000n}{appendix.A}% 53
\BOOKMARK [0][]{appendix.B}{\376\377\000B\000\040\000V\000i\000r\000t\000u\000a\000l\000\040\000C\000a\000n\000e}{}% 54
\BOOKMARK [1][]{section.B.1}{\376\377\000B\000.\0001\000\040\000V\000i\000r\000t\000u\000a\000l\000\040\000C\000a\000n\000e\000\040\000a\000l\000g\000o\000r\000i\000t\000h\000m}{appendix.B}% 55
\BOOKMARK [0][]{appendix.C}{\376\377\000C\000\040\000H\000a\000p\000t\000i\000c\000\040\000B\000e\000l\000t}{}% 56
\BOOKMARK [1][]{section.C.1}{\376\377\000C\000.\0001\000\040\000P\000r\000i\000n\000t\000e\000d\000\040\000c\000i\000r\000c\000u\000i\000t\000\040\000b\000o\000a\000r\000d\000\040\000u\000s\000e\000d\000\040\000o\000n\000\040\000t\000h\000e\000\040\000h\000a\000p\000t\000i\000c\000\040\000b\000e\000l\000t}{appendix.C}% 57
\BOOKMARK [1][]{section.C.2}{\376\377\000C\000.\0002\000\040\000V\000i\000b\000r\000a\000t\000i\000o\000n\000\040\000u\000n\000i\000t}{appendix.C}% 58
\BOOKMARK [1][]{section.C.3}{\376\377\000C\000.\0003\000\040\000A\000l\000g\000o\000r\000i\000t\000h\000m\000\040\000r\000u\000n\000n\000i\000n\000g\000\040\000i\000n\000\040\000t\000h\000e\000\040\000E\000S\000P\0003\0002}{appendix.C}% 59
\BOOKMARK [1][]{section.C.4}{\376\377\000C\000.\0004\000\040\000A\000l\000g\000o\000r\000i\000t\000h\000m\000\040\000r\000u\000n\000n\000i\000n\000g\000\040\000i\000n\000\040\000t\000h\000e\000\040\000U\000n\000i\000t\000y}{appendix.C}% 60
\BOOKMARK [0][]{appendix.D}{\376\377\000D\000\040\000E\000C\000G\000\040\000p\000r\000o\000c\000e\000s\000s\000i\000n\000g\000\040\000a\000l\000g\000o\000r\000i\000t\000h\000m}{}% 61
\BOOKMARK [0][]{appendix.E}{\376\377\000E\000\040\000G\000S\000R\000\040\000p\000r\000o\000c\000e\000s\000s\000i\000n\000g\000\040\000a\000l\000g\000o\000r\000i\000t\000h\000m}{}% 62
\BOOKMARK [0][]{annex.a}{\376\377\000A\000\040\000D\000O\000I\000T\000\040\000E\000s\000p\0003\0002\000\040\000D\000e\000v\000K\000i\000t\000\040\000v\0001\000\040\000d\000a\000t\000a\000s\000h\000e\000e\000t}{}% 63
\BOOKMARK [1][]{section.a.1}{\376\377\000A\000.\0001\000\040\000E\000s\000p\000e\000c\000i\000f\000i\000c\000a\000t\000i\000o\000n\000s}{annex.a}% 64
\BOOKMARK [1][]{section.a.2}{\376\377\000A\000.\0002\000\040\000P\000i\000n\000n\000o\000u\000t}{annex.a}% 65
\BOOKMARK [0][]{annex.b}{\376\377\000B\000\040\000K\000u\000b\000i\000u\000s}{}% 66
\BOOKMARK [1][]{section.b.1}{\376\377\000B\000.\0001\000\040\000K\000u\000b\000i\000u\000s\000\040\000s\000o\000f\000t\000w\000a\000r\000e}{annex.b}% 67
\BOOKMARK [0][]{bla.0}{\376\377\000F\000o\000l\000h\000a\000\040\000d\000e\000\040\000R\000e\000g\000i\000s\000t\000r\000o\000\040\000d\000o\000\040\000D\000o\000c\000u\000m\000e\000n\000t\000o}{}% 68
