\BOOKMARK [0][]{titulo.0}{\376\377\000F\000a\000c\000e\000\040\000P\000a\000g\000e}{}% 1
\BOOKMARK [0][]{cip.0}{\376\377\000C\000a\000t\000a\000l\000o\000g\000i\000n\000g\000-\000i\000n\000-\000P\000u\000b\000l\000i\000c\000a\000t\000i\000o\000n}{}% 2
\BOOKMARK [0][]{aprovacao.0}{\376\377\000T\000h\000e\000s\000i\000s\000\040\000C\000o\000m\000m\000i\000t\000t\000e\000e\000\040\000C\000o\000m\000p\000o\000s\000i\000t\000i\000o\000n\000:}{}% 3
\BOOKMARK [0][]{dedication.0}{\376\377\000D\000e\000d\000i\000c\000a\000t\000i\000o\000n}{}% 4
\BOOKMARK [0][]{acknowledgment.0}{\376\377\000A\000c\000k\000n\000o\000w\000l\000e\000d\000g\000m\000e\000n\000t\000s}{}% 5
\BOOKMARK [0][]{epigrafe.0}{\376\377\000E\000p\000i\000g\000r\000a\000p\000h}{}% 6
\BOOKMARK [0][]{abstract.0}{\376\377\000A\000b\000s\000t\000r\000a\000c\000t}{}% 7
\BOOKMARK [0][]{listafiguras.0}{\376\377\000L\000i\000s\000t\000\040\000o\000f\000\040\000F\000i\000g\000u\000r\000e\000s}{}% 8
\BOOKMARK [0][]{listatabelas.0}{\376\377\000L\000i\000s\000t\000\040\000o\000f\000\040\000T\000a\000b\000l\000e\000s}{}% 9
\BOOKMARK [0][]{listaabreviaturas.0}{\376\377\000L\000i\000s\000t\000\040\000o\000f\000\040\000A\000b\000b\000r\000e\000v\000i\000a\000t\000i\000o\000n\000s\000\040\000a\000n\000d\000\040\000A\000c\000r\000o\000n\000y\000m\000s}{}% 10
\BOOKMARK [0][]{contents.0}{\376\377\000C\000o\000n\000t\000e\000n\000t\000s}{}% 11
\BOOKMARK [0][]{chapter.1}{\376\377\0001\000\040\000I\000n\000t\000r\000o\000d\000u\000c\000t\000i\000o\000n}{}% 12
\BOOKMARK [1][]{section.1.1}{\376\377\0001\000.\0001\000\040\000O\000b\000j\000e\000c\000t\000i\000v\000e\000s}{chapter.1}% 13
\BOOKMARK [1][]{section.1.2}{\376\377\0001\000.\0002\000\040\000R\000e\000s\000o\000u\000r\000c\000e\000s\000\040\000a\000n\000d\000\040\000m\000e\000t\000h\000o\000d\000s}{chapter.1}% 14
\BOOKMARK [1][]{section.1.3}{\376\377\0001\000.\0003\000\040\000R\000e\000s\000e\000a\000r\000c\000h\000\040\000b\000o\000u\000n\000d\000a\000r\000i\000e\000s}{chapter.1}% 15
\BOOKMARK [1][]{section.1.4}{\376\377\0001\000.\0004\000\040\000S\000t\000r\000u\000c\000t\000u\000r\000e\000\040\000o\000f\000\040\000t\000h\000e\000\040\000t\000e\000x\000t}{chapter.1}% 16
\BOOKMARK [0][]{chapter.2}{\376\377\0002\000\040\000F\000u\000n\000d\000a\000m\000e\000n\000t\000a\000l\000s}{}% 17
\BOOKMARK [1][]{section.2.1}{\376\377\0002\000.\0001\000\040\000H\000u\000m\000a\000n\000\040\000F\000a\000c\000t\000o\000r\000\040\000o\000r\000\040\000E\000r\000g\000o\000n\000o\000m\000i\000c\000s}{chapter.2}% 18
\BOOKMARK [1][]{section.2.2}{\376\377\0002\000.\0002\000\040\000M\000e\000n\000t\000a\000l\000\040\000W\000o\000r\000k\000l\000o\000a\000d\000\040\000\050\000M\000W\000L\000\051}{chapter.2}% 19
\BOOKMARK [2][]{subsection.2.2.1}{\376\377\0002\000.\0002\000.\0001\000\040\000T\000a\000s\000k\000\040\000P\000e\000r\000f\000o\000r\000m\000a\000n\000c\000e}{section.2.2}% 20
\BOOKMARK [2][]{subsection.2.2.2}{\376\377\0002\000.\0002\000.\0002\000\040\000P\000h\000y\000s\000i\000o\000l\000o\000g\000i\000c\000a\000l\000\040\000m\000e\000a\000s\000u\000r\000e\000s}{section.2.2}% 21
\BOOKMARK [2][]{subsection.2.2.3}{\376\377\0002\000.\0002\000.\0003\000\040\000S\000u\000b\000j\000e\000c\000t\000i\000v\000e\000\040\000m\000e\000a\000s\000u\000r\000e\000s}{section.2.2}% 22
\BOOKMARK [1][]{section.2.3}{\376\377\0002\000.\0003\000\040\000S\000i\000t\000u\000a\000t\000i\000o\000n\000\040\000A\000w\000a\000r\000e\000n\000e\000s\000s\000\040\000\050\000S\000A\000\051}{chapter.2}% 23
\BOOKMARK [2][]{subsection.2.3.1}{\376\377\0002\000.\0003\000.\0001\000\040\000S\000A\000G\000A\000T}{section.2.3}% 24
\BOOKMARK [1][]{section.2.4}{\376\377\0002\000.\0004\000\040\000E\000x\000t\000e\000n\000d\000e\000d\000\040\000R\000e\000a\000l\000i\000t\000y\000\040\000\050\000X\000R\000\051}{chapter.2}% 25
\BOOKMARK [2][]{subsection.2.4.1}{\376\377\0002\000.\0004\000.\0001\000\040\000A\000u\000g\000m\000e\000n\000t\000e\000d\000\040\000R\000e\000a\000l\000i\000t\000y\000\040\000\050\000A\000R\000\051}{section.2.4}% 26
\BOOKMARK [2][]{subsection.2.4.2}{\376\377\0002\000.\0004\000.\0002\000\040\000A\000u\000g\000m\000e\000n\000t\000e\000d\000\040\000V\000i\000r\000t\000u\000a\000l\000i\000t\000y\000\040\000\050\000A\000V\000\051}{section.2.4}% 27
\BOOKMARK [2][]{subsection.2.4.3}{\376\377\0002\000.\0004\000.\0003\000\040\000M\000i\000x\000e\000d\000\040\000R\000e\000a\000l\000i\000t\000y\000\040\000\050\000M\000R\000\051}{section.2.4}% 28
\BOOKMARK [2][]{subsection.2.4.4}{\376\377\0002\000.\0004\000.\0004\000\040\000V\000i\000r\000t\000u\000a\000l\000\040\000R\000e\000a\000l\000i\000t\000y\000\040\000\050\000V\000R\000\051}{section.2.4}% 29
\BOOKMARK [1][]{section.2.5}{\376\377\0002\000.\0005\000\040\000C\000o\000-\000D\000e\000s\000i\000g\000n}{chapter.2}% 30
\BOOKMARK [0][]{chapter.3}{\376\377\0003\000\040\000L\000i\000t\000e\000r\000a\000t\000u\000r\000e\000\040\000r\000e\000v\000i\000e\000w}{}% 31
\BOOKMARK [1][]{section.3.1}{\376\377\0003\000.\0001\000\040\000V\000i\000r\000t\000u\000a\000l\000\040\000R\000e\000a\000l\000i\000t\000y\000\040\000W\000i\000t\000h\000o\000u\000t\000\040\000V\000i\000s\000i\000o\000n}{chapter.3}% 32
\BOOKMARK [1][]{section.3.2}{\376\377\0003\000.\0002\000\040\000E\000f\000f\000e\000c\000t\000s\000\040\000o\000f\000\040\000E\000m\000o\000t\000i\000o\000n\000\040\000a\000n\000d\000\040\000A\000g\000e\000n\000c\000y\000\040\000o\000n\000\040\000P\000r\000e\000s\000e\000n\000c\000e\000\040\000i\000n\000\040\000V\000i\000r\000t\000u\000a\000l\000\040\000R\000e\000a\000l\000i\000t\000y}{chapter.3}% 33
\BOOKMARK [1][]{section.3.3}{\376\377\0003\000.\0003\000\040\000B\000r\000a\000d\000l\000e\000y\000\040\000a\000n\000d\000\040\000D\000u\000n\000l\000o\000p\000\040\000r\000e\000s\000e\000a\000r\000c\000h\000\040\000a\000b\000o\000u\000t\000\040\000B\000V\000I\000\040\000n\000a\000v\000i\000g\000a\000t\000i\000o\000n}{chapter.3}% 34
\BOOKMARK [2][]{subsection.3.3.1}{\376\377\0003\000.\0003\000.\0001\000\040\000T\000h\000e\000\040\0002\0000\0000\0002\000\040\000i\000n\000v\000e\000s\000t\000i\000g\000a\000t\000i\000o\000n}{section.3.3}% 35
\BOOKMARK [2][]{subsection.3.3.2}{\376\377\0003\000.\0003\000.\0002\000\040\000T\000h\000e\000\040\0002\0000\0000\0005\000\040\000e\000x\000p\000e\000r\000i\000m\000e\000n\000t}{section.3.3}% 36
\BOOKMARK [1][]{section.3.4}{\376\377\0003\000.\0004\000\040\000E\000v\000a\000l\000u\000a\000t\000i\000o\000n\000\040\000o\000f\000\040\000s\000p\000a\000t\000i\000a\000l\000\040\000d\000i\000s\000p\000l\000a\000y\000\040\000f\000o\000r\000\040\000n\000a\000v\000i\000g\000a\000t\000i\000o\000n\000\040\000w\000i\000t\000h\000o\000u\000t\000\040\000s\000i\000g\000h\000t}{chapter.3}% 37
\BOOKMARK [1][]{section.3.5}{\376\377\0003\000.\0005\000\040\000U\000s\000e\000\040\000o\000f\000\040\000V\000R\000\040\000i\000n\000\040\000t\000h\000e\000\040\000a\000i\000r\000c\000r\000a\000f\000t\000\040\000c\000a\000b\000i\000n\000\040\000d\000e\000s\000i\000g\000n\000\040\000p\000r\000o\000c\000e\000s\000s}{chapter.3}% 38
\BOOKMARK [0][]{chapter.4}{\376\377\0004\000\040\000P\000r\000o\000p\000o\000s\000a\000l\000\040\000d\000e\000s\000c\000r\000i\000p\000t\000i\000o\000n}{}% 39
\BOOKMARK [1][]{section.4.1}{\376\377\0004\000.\0001\000\040\000I\000n\000t\000e\000r\000v\000i\000e\000w\000s\000'\000\040\000p\000h\000a\000s\000e}{chapter.4}% 40
\BOOKMARK [2][]{subsection.4.1.1}{\376\377\0004\000.\0001\000.\0001\000\040\000I\000n\000t\000e\000r\000v\000i\000e\000w\000\040\000w\000i\000t\000h\000\040\000t\000h\000e\000\040\000h\000o\000s\000p\000i\000t\000a\000l}{section.4.1}% 41
\BOOKMARK [2][]{subsection.4.1.2}{\376\377\0004\000.\0001\000.\0002\000\040\000I\000n\000t\000e\000r\000v\000i\000e\000w\000\040\000w\000i\000t\000h\000\040\000t\000h\000e\000\040\000B\000V\000I\000\040\000c\000o\000n\000s\000u\000l\000t\000a\000n\000t\000s}{section.4.1}% 42
\BOOKMARK [1][]{section.4.2}{\376\377\0004\000.\0002\000\040\000E\000x\000p\000e\000r\000i\000m\000e\000n\000t\000\040\000i\000d\000e\000a\000l\000i\000z\000a\000t\000i\000o\000n\000'\000s\000\040\000p\000h\000a\000s\000e}{chapter.4}% 43
\BOOKMARK [2][]{subsection.4.2.1}{\376\377\0004\000.\0002\000.\0001\000\040\000E\000x\000p\000e\000r\000i\000m\000e\000n\000t\000'\000s\000\040\000v\000i\000r\000t\000u\000a\000l\000\040\000w\000o\000r\000l\000d\000\040\000d\000e\000f\000i\000n\000i\000t\000i\000o\000n}{section.4.2}% 44
\BOOKMARK [2][]{subsection.4.2.2}{\376\377\0004\000.\0002\000.\0002\000\040\000A\000s\000s\000e\000s\000s\000e\000d\000\040\000h\000u\000m\000a\000n\000\040\000f\000a\000c\000t\000o\000r\000s\000\040\000d\000e\000f\000i\000n\000i\000t\000i\000o\000n}{section.4.2}% 45
\BOOKMARK [2][]{subsection.4.2.3}{\376\377\0004\000.\0002\000.\0003\000\040\000G\000u\000i\000d\000a\000n\000c\000e\000\040\000m\000e\000t\000h\000o\000d\000s\000\040\000d\000e\000f\000i\000n\000i\000t\000i\000o\000n}{section.4.2}% 46
\BOOKMARK [1][]{section.4.3}{\376\377\0004\000.\0003\000\040\000D\000e\000v\000e\000l\000o\000p\000m\000e\000n\000t\000\040\000a\000n\000d\000\040\000c\000r\000e\000a\000t\000i\000o\000n\000'\000s\000\040\000p\000h\000a\000s\000e}{chapter.4}% 47
\BOOKMARK [2][]{subsection.4.3.1}{\376\377\0004\000.\0003\000.\0001\000\040\000V\000i\000r\000t\000u\000a\000l\000\040\000w\000o\000r\000l\000d\000\040\000c\000r\000e\000a\000t\000i\000o\000n}{section.4.3}% 48
\BOOKMARK [2][]{subsection.4.3.2}{\376\377\0004\000.\0003\000.\0002\000\040\000T\000o\000o\000l\000s\000\040\000a\000n\000d\000\040\000m\000e\000t\000h\000o\000d\000s\000\040\000d\000e\000f\000i\000n\000i\000t\000i\000o\000n}{section.4.3}% 49
\BOOKMARK [2][]{subsection.4.3.3}{\376\377\0004\000.\0003\000.\0003\000\040\000G\000u\000i\000d\000a\000n\000c\000e\000\040\000m\000e\000t\000h\000o\000d\000s\000\040\000d\000e\000v\000e\000l\000o\000p\000m\000e\000n\000t}{section.4.3}% 50
\BOOKMARK [1][]{section.4.4}{\376\377\0004\000.\0004\000\040\000T\000r\000y\000o\000u\000t\000s\000\040\000a\000n\000d\000\040\000t\000e\000s\000t\000s\000'\000\040\000p\000h\000a\000s\000e}{chapter.4}% 51
\BOOKMARK [1][]{section.4.5}{\376\377\0004\000.\0005\000\040\000E\000x\000p\000e\000r\000i\000m\000e\000n\000t}{chapter.4}% 52
\BOOKMARK [0][]{chapter.5}{\376\377\0005\000\040\000V\000i\000r\000t\000u\000a\000l\000\040\000e\000n\000v\000i\000r\000o\000n\000m\000e\000n\000t\000\040\000d\000e\000v\000e\000l\000o\000p\000m\000e\000n\000t}{}% 53
\BOOKMARK [1][]{section.5.1}{\376\377\0005\000.\0001\000\040\000P\000r\000o\000c\000e\000d\000u\000r\000e\000s}{chapter.5}% 54
\BOOKMARK [1][]{section.5.2}{\376\377\0005\000.\0002\000\040\000C\000i\000t\000y\000\040\000H\000o\000s\000p\000i\000t\000a\000l}{chapter.5}% 55
\BOOKMARK [1][]{section.5.3}{\376\377\0005\000.\0003\000\040\000M\000e\000d\000i\000c\000a\000l\000\040\000C\000l\000i\000n\000i\000c}{chapter.5}% 56
\BOOKMARK [2][]{subsection.5.3.1}{\376\377\0005\000.\0003\000.\0001\000\040\000I\000n\000t\000e\000r\000i\000o\000r}{section.5.3}% 57
\BOOKMARK [2][]{subsection.5.3.2}{\376\377\0005\000.\0003\000.\0002\000\040\000E\000x\000t\000e\000r\000i\000o\000r}{section.5.3}% 58
\BOOKMARK [1][]{section.5.4}{\376\377\0005\000.\0004\000\040\000A\000d\000j\000u\000s\000t\000m\000e\000n\000t\000s}{chapter.5}% 59
\BOOKMARK [1][]{section.5.5}{\376\377\0005\000.\0005\000\040\000F\000i\000n\000a\000l\000\040\000C\000l\000i\000n\000i\000c}{chapter.5}% 60
\BOOKMARK [0][]{chapter.6}{\376\377\0006\000\040\000H\000a\000p\000t\000i\000c\000\040\000b\000e\000l\000t\000\040\000d\000e\000v\000e\000l\000o\000p\000m\000e\000n\000t}{}% 61
\BOOKMARK [0][]{chapter.7}{\376\377\0007\000\040\000D\000e\000s\000i\000g\000n\000\040\000o\000f\000\040\000t\000h\000e\000\040\000e\000x\000p\000e\000r\000i\000m\000e\000n\000t}{}% 62
\BOOKMARK [1][]{section.7.1}{\376\377\0007\000.\0001\000\040\000H\000y\000p\000o\000t\000h\000e\000s\000e\000s}{chapter.7}% 63
\BOOKMARK [1][]{section.7.2}{\376\377\0007\000.\0002\000\040\000P\000a\000r\000t\000i\000c\000i\000p\000a\000n\000t\000s\000'\000\040\000p\000r\000o\000f\000i\000l\000e}{chapter.7}% 64
\BOOKMARK [1][]{section.7.3}{\376\377\0007\000.\0003\000\040\000E\000x\000p\000e\000r\000i\000m\000e\000n\000t\000a\000l\000\040\000p\000r\000o\000c\000e\000d\000u\000r\000e}{chapter.7}% 65
\BOOKMARK [2][]{subsection.7.3.1}{\376\377\0007\000.\0003\000.\0001\000\040\000B\000r\000i\000e\000f\000i\000n\000g\000\040\000a\000n\000d\000\040\000p\000r\000e\000s\000e\000n\000t\000a\000t\000i\000o\000n\000\040\000o\000f\000\040\000t\000h\000e\000\040\000e\000q\000u\000i\000p\000m\000e\000n\000t}{section.7.3}% 66
\BOOKMARK [2][]{subsection.7.3.2}{\376\377\0007\000.\0003\000.\0002\000\040\000E\000x\000p\000e\000r\000i\000m\000e\000n\000t}{section.7.3}% 67
\BOOKMARK [2][]{subsection.7.3.3}{\376\377\0007\000.\0003\000.\0003\000\040\000C\000o\000n\000c\000l\000u\000s\000i\000o\000n}{section.7.3}% 68
\BOOKMARK [1][]{section.7.4}{\376\377\0007\000.\0004\000\040\000D\000a\000t\000a\000\040\000P\000r\000o\000c\000e\000s\000s\000i\000n\000g}{chapter.7}% 69
\BOOKMARK [2][]{subsection.7.4.1}{\376\377\0007\000.\0004\000.\0001\000\040\000D\000a\000t\000a\000\040\000g\000a\000t\000h\000e\000r\000e\000d}{section.7.4}% 70
\BOOKMARK [2][]{subsection.7.4.2}{\376\377\0007\000.\0004\000.\0002\000\040\000A\000N\000O\000V\000A\000\040\000s\000t\000a\000t\000i\000s\000c\000a\000l\000\040\000m\000o\000d\000e\000l}{section.7.4}% 71
\BOOKMARK [2][]{subsection.7.4.3}{\376\377\0007\000.\0004\000.\0003\000\040\000H\000y\000p\000o\000t\000h\000e\000s\000e\000s\000\040\000v\000e\000r\000i\000f\000i\000c\000a\000t\000i\000o\000n}{section.7.4}% 72
\BOOKMARK [0][]{chapter.8}{\376\377\0008\000\040\000R\000e\000s\000u\000l\000t\000s\000'\000\040\000a\000n\000a\000l\000y\000s\000i\000s\000\040\000a\000n\000d\000\040\000d\000i\000s\000c\000u\000s\000s\000i\000o\000n}{}% 73
\BOOKMARK [1][]{section.8.1}{\376\377\0008\000.\0001\000\040\000D\000a\000t\000a\000\040\000f\000r\000o\000m\000\040\000t\000h\000e\000\040\000s\000i\000m\000u\000l\000a\000t\000i\000o\000n}{chapter.8}% 74
\BOOKMARK [2][]{subsection.8.1.1}{\376\377\0008\000.\0001\000.\0001\000\040\000T\000i\000m\000e\000\040\000e\000l\000a\000p\000s\000e\000d\000\040\000o\000n\000\040\000e\000a\000c\000h\000\040\000s\000c\000e\000n\000e}{section.8.1}% 75
\BOOKMARK [1][]{section.8.2}{\376\377\0008\000.\0002\000\040\000D\000a\000t\000a\000\040\000f\000r\000o\000m\000\040\000q\000u\000e\000s\000t\000i\000o\000n\000n\000a\000i\000r\000e\000s}{chapter.8}% 76
\BOOKMARK [2][]{subsection.8.2.1}{\376\377\0008\000.\0002\000.\0001\000\040\000N\000A\000S\000A\000-\000T\000L\000X}{section.8.2}% 77
\BOOKMARK [2][]{subsection.8.2.2}{\376\377\0008\000.\0002\000.\0002\000\040\000A\000d\000a\000p\000t\000e\000d\000\040\000S\000A\000G\000A\000T}{section.8.2}% 78
\BOOKMARK [2][]{subsection.8.2.3}{\376\377\0008\000.\0002\000.\0003\000\040\000G\000u\000i\000d\000a\000n\000c\000e\000\040\000m\000e\000t\000h\000o\000d\000'\000s\000\040\000q\000u\000e\000s\000t\000i\000o\000n\000n\000a\000i\000r\000e\000.}{section.8.2}% 79
\BOOKMARK [1][]{section.8.3}{\376\377\0008\000.\0003\000\040\000D\000a\000t\000a\000\040\000f\000r\000o\000m\000\040\000p\000h\000y\000s\000i\000o\000l\000o\000g\000i\000c\000a\000l\000\040\000s\000e\000n\000s\000o\000r\000s}{chapter.8}% 80
\BOOKMARK [2][]{subsection.8.3.1}{\376\377\0008\000.\0003\000.\0001\000\040\000E\000l\000e\000c\000t\000r\000o\000c\000a\000r\000d\000i\000o\000g\000r\000a\000m\000\040\000\050\000E\000C\000G\000\051\000\040\000d\000a\000t\000a}{section.8.3}% 81
\BOOKMARK [2][]{subsection.8.3.2}{\376\377\0008\000.\0003\000.\0002\000\040\000G\000a\000l\000v\000a\000n\000i\000c\000\040\000s\000k\000i\000n\000\040\000r\000e\000a\000c\000t\000i\000o\000n\000\040\000a\000n\000d\000\040\000t\000e\000m\000p\000e\000r\000a\000t\000u\000r\000e\000\040\000d\000a\000t\000a\000;}{section.8.3}% 82
\BOOKMARK [0][]{chapter.9}{\376\377\0009\000\040\000C\000o\000n\000c\000l\000u\000s\000i\000o\000n}{}% 83
\BOOKMARK [1][]{section.9.1}{\376\377\0009\000.\0001\000\040\000F\000u\000t\000u\000r\000e\000\040\000w\000o\000r\000k\000s\000\040\000a\000n\000d\000\040\000s\000u\000g\000g\000e\000s\000t\000i\000o\000n\000s}{chapter.9}% 84
\BOOKMARK [0][]{chapter.10}{\376\377\000B\000i\000b\000l\000i\000o\000g\000r\000a\000p\000h\000y}{}% 85
\BOOKMARK [0][]{appendix.A}{\376\377\000A\000\040\000Q\000u\000e\000s\000t\000i\000o\000n\000n\000a\000i\000r\000e\000s}{}% 86
\BOOKMARK [1][]{section.A.1}{\376\377\000A\000.\0001\000\040\000B\000V\000I\000\040\000c\000o\000n\000d\000i\000t\000i\000o\000n}{appendix.A}% 87
\BOOKMARK [1][]{section.A.2}{\376\377\000A\000.\0002\000\040\000N\000A\000S\000A\000-\000T\000L\000X}{appendix.A}% 88
\BOOKMARK [1][]{section.A.3}{\376\377\000A\000.\0003\000\040\000S\000A\000G\000A\000T\000\040\000\050\000a\000d\000a\000p\000t\000e\000d\000\051}{appendix.A}% 89
\BOOKMARK [1][]{section.A.4}{\376\377\000A\000.\0004\000\040\000G\000u\000i\000d\000a\000n\000c\000e\000\040\000m\000e\000t\000h\000o\000d\000\040\000e\000v\000a\000l\000u\000a\000t\000i\000o\000n}{appendix.A}% 90
\BOOKMARK [0][]{appendix.B}{\376\377\000B\000\040\000V\000i\000r\000t\000u\000a\000l\000\040\000C\000a\000n\000e}{}% 91
\BOOKMARK [1][]{section.B.1}{\376\377\000B\000.\0001\000\040\000V\000i\000r\000t\000u\000a\000l\000\040\000C\000a\000n\000e\000\040\000a\000l\000g\000o\000r\000i\000t\000h\000m}{appendix.B}% 92
\BOOKMARK [0][]{appendix.C}{\376\377\000C\000\040\000H\000a\000p\000t\000i\000c\000\040\000B\000e\000l\000t}{}% 93
\BOOKMARK [1][]{section.C.1}{\376\377\000C\000.\0001\000\040\000P\000r\000i\000n\000t\000e\000d\000\040\000c\000i\000r\000c\000u\000i\000t\000\040\000b\000o\000a\000r\000d\000\040\000u\000s\000e\000d\000\040\000o\000n\000\040\000t\000h\000e\000\040\000h\000a\000p\000t\000i\000c\000\040\000b\000e\000l\000t}{appendix.C}% 94
\BOOKMARK [1][]{section.C.2}{\376\377\000C\000.\0002\000\040\000V\000i\000b\000r\000a\000t\000i\000o\000n\000\040\000u\000n\000i\000t}{appendix.C}% 95
\BOOKMARK [1][]{section.C.3}{\376\377\000C\000.\0003\000\040\000A\000l\000g\000o\000r\000i\000t\000h\000m\000\040\000r\000u\000n\000n\000i\000n\000g\000\040\000i\000n\000\040\000t\000h\000e\000\040\000E\000S\000P\0003\0002}{appendix.C}% 96
\BOOKMARK [1][]{section.C.4}{\376\377\000C\000.\0004\000\040\000A\000l\000g\000o\000r\000i\000t\000h\000m\000\040\000r\000u\000n\000n\000i\000n\000g\000\040\000i\000n\000\040\000t\000h\000e\000\040\000U\000n\000i\000t\000y}{appendix.C}% 97
\BOOKMARK [0][]{appendix.D}{\376\377\000D\000\040\000E\000C\000G\000\040\000p\000r\000o\000c\000e\000s\000s\000i\000n\000g\000\040\000a\000l\000g\000o\000r\000i\000t\000h\000m}{}% 98
\BOOKMARK [0][]{appendix.E}{\376\377\000E\000\040\000G\000S\000R\000\040\000p\000r\000o\000c\000e\000s\000s\000i\000n\000g\000\040\000a\000l\000g\000o\000r\000i\000t\000h\000m}{}% 99
\BOOKMARK [0][]{annex.a}{\376\377\000A\000\040\000D\000O\000I\000T\000\040\000E\000s\000p\0003\0002\000\040\000D\000e\000v\000K\000i\000t\000\040\000v\0001\000\040\000d\000a\000t\000a\000s\000h\000e\000e\000t}{}% 100
\BOOKMARK [1][]{section.a.1}{\376\377\000A\000.\0001\000\040\000E\000s\000p\000e\000c\000i\000f\000i\000c\000a\000t\000i\000o\000n\000s}{annex.a}% 101
\BOOKMARK [1][]{section.a.2}{\376\377\000A\000.\0002\000\040\000P\000i\000n\000n\000o\000u\000t}{annex.a}% 102
\BOOKMARK [0][]{annex.b}{\376\377\000B\000\040\000K\000u\000b\000i\000u\000s}{}% 103
\BOOKMARK [1][]{section.b.1}{\376\377\000B\000.\0001\000\040\000K\000u\000b\000i\000u\000s\000\040\000s\000o\000f\000t\000w\000a\000r\000e}{annex.b}% 104
\BOOKMARK [0][]{bla.0}{\376\377\000F\000o\000l\000h\000a\000\040\000d\000e\000\040\000R\000e\000g\000i\000s\000t\000r\000o\000\040\000d\000o\000\040\000D\000o\000c\000u\000m\000e\000n\000t\000o}{}% 105
